Сборка начата 18.09.2023 14:35:57.
Уровень детализации журнала: Normal.     1>Проект "D:\project\ASD_2\ASD_2\ASD_2.vcxproj" в узле 2 (целевые объекты Build).
     1>InitializeBuildStatus:
         Создание "x64\Debug\ASD_2.tlog\unsuccessfulbuild", так как было задано "AlwaysCreate".
       ClCompile:
         D:\Progi\Visla\VC\Tools\MSVC\14.35.32215\bin\HostX64\x64\CL.exe /c /ZI /JMC /nologo /W3 /WX- /diagnostics:column /sdl /Od /D _DEBUG /D _CONSOLE /D _UNICODE /D UNICODE /Gm- /EHsc /RTC1 /MDd /GS /fp:precise /Zc:wchar_t /Zc:forScope /Zc:inline /permissive- /Fo"x64\Debug\\" /Fd"x64\Debug\vc143.pdb" /external:W3 /Gd /TP /FC /errorReport:prompt Source.cpp
         Source.cpp
     1>D:\project\ASD_2\ASD_2\Source.cpp(57,1): warning C4326: возвращаемый тип "main" должен быть "int", а не "void"
       Link:
         D:\Progi\Visla\VC\Tools\MSVC\14.35.32215\bin\HostX64\x64\link.exe /ERRORREPORT:PROMPT /OUT:"D:\project\ASD_2\x64\Debug\ASD_2.exe" /INCREMENTAL /ILK:"x64\Debug\ASD_2.ilk" /NOLOGO kernel32.lib user32.lib gdi32.lib winspool.lib comdlg32.lib advapi32.lib shell32.lib ole32.lib oleaut32.lib uuid.lib odbc32.lib odbccp32.lib /MANIFEST /MANIFESTUAC:"level='asInvoker' uiAccess='false'" /manifest:embed /DEBUG /PDB:"D:\project\ASD_2\x64\Debug\ASD_2.pdb" /SUBSYSTEM:CONSOLE /TLBID:1 /DYNAMICBASE /NXCOMPAT /IMPLIB:"D:\project\ASD_2\x64\Debug\ASD_2.lib" /MACHINE:X64 x64\Debug\Source.obj
         ASD_2.vcxproj -> D:\project\ASD_2\x64\Debug\ASD_2.exe
       FinalizeBuildStatus:
         Файл "x64\Debug\ASD_2.tlog\unsuccessfulbuild" удаляется.
         Обращение к "x64\Debug\ASD_2.tlog\ASD_2.lastbuildstate".
     1>Сборка проекта "D:\project\ASD_2\ASD_2\ASD_2.vcxproj" завершена (целевые объекты Build).

Сборка успешно завершена.

       "D:\project\ASD_2\ASD_2\ASD_2.vcxproj" (целевой объект Build ) (1) ->
       (Целевой объект ClCompile) -> 
         D:\project\ASD_2\ASD_2\Source.cpp(57,1): warning C4326: возвращаемый тип "main" должен быть "int", а не "void"

    Предупреждений: 1
    Ошибок: 0

Прошло времени 00:00:04.12
